2016-07-26 14:21:18 Debugget: http://localhost/ndorsedev/api/getPredefinedValues.json?type=countries
2016-07-26 14:21:45 Debugget: http://localhost/ndorsedev/api/getPredefinedValues.json?type=countries
2016-07-26 14:21:52 Debugget: http://localhost/ndorsedev/api/getPredefinedValues.json?type=core_values
2016-07-26 14:21:52 Debugget: http://localhost/ndorsedev/api/getPredefinedValues.json?type=departments
2016-07-26 14:21:52 Debugget: http://localhost/ndorsedev/api/getPredefinedValues.json?type=job_titles
2016-07-26 14:25:01 Debugget: http://localhost/ndorsedev/api/getPredefinedValues.json?type=core_values
2016-07-26 14:25:01 Debugget: http://localhost/ndorsedev/api/getPredefinedValues.json?type=departments
2016-07-26 14:25:01 Debugget: http://localhost/ndorsedev/api/getPredefinedValues.json?type=job_titles
2016-07-26 14:25:32 Debugget: http://localhost/ndorsedev/api/getPredefinedValues.json?type=core_values
2016-07-26 14:25:32 Debugget: http://localhost/ndorsedev/api/getPredefinedValues.json?type=departments
2016-07-26 14:25:32 Debugget: http://localhost/ndorsedev/api/getPredefinedValues.json?type=job_titles
2016-07-26 14:25:45 Debugget: http://localhost/ndorsedev/api/getPredefinedValues.json?type=core_values
2016-07-26 14:25:45 Debugget: http://localhost/ndorsedev/api/getPredefinedValues.json?type=departments
2016-07-26 14:25:45 Debugget: http://localhost/ndorsedev/api/getPredefinedValues.json?type=job_titles
2016-07-26 14:26:32 Debugget: http://localhost/ndorsedev/api/getPredefinedValues.json?type=core_values
2016-07-26 14:26:32 Debugget: http://localhost/ndorsedev/api/getPredefinedValues.json?type=departments
2016-07-26 14:26:32 Debugget: http://localhost/ndorsedev/api/getPredefinedValues.json?type=job_titles
2016-07-26 14:27:10 Debugget: http://localhost/ndorsedev/api/getPredefinedValues.json?type=core_values
2016-07-26 14:27:10 Debugget: http://localhost/ndorsedev/api/getPredefinedValues.json?type=departments
2016-07-26 14:27:10 Debugget: http://localhost/ndorsedev/api/getPredefinedValues.json?type=job_titles
2016-07-26 14:27:17 Debugget: http://localhost/ndorsedev/api/getPredefinedValues.json?type=core_values
2016-07-26 14:27:17 Debugget: http://localhost/ndorsedev/api/getPredefinedValues.json?type=departments
2016-07-26 14:27:17 Debugget: http://localhost/ndorsedev/api/getPredefinedValues.json?type=job_titles
2016-07-26 14:27:45 Debugget: http://localhost/ndorsedev/api/getPredefinedValues.json?type=core_values
2016-07-26 14:27:45 Debugget: http://localhost/ndorsedev/api/getPredefinedValues.json?type=departments
2016-07-26 14:27:45 Debugget: http://localhost/ndorsedev/api/getPredefinedValues.json?type=job_titles
2016-07-26 14:27:49 Debugget: http://localhost/ndorsedev/api/getPredefinedValues.json?type=core_values
2016-07-26 14:27:49 Debugget: http://localhost/ndorsedev/api/getPredefinedValues.json?type=departments
2016-07-26 14:27:49 Debugget: http://localhost/ndorsedev/api/getPredefinedValues.json?type=job_titles
2016-07-26 14:28:26 Debugget: http://localhost/ndorsedev/api/getPredefinedValues.json?type=countries
2016-07-26 14:28:31 Debugget: http://localhost/ndorsedev/api/getPredefinedValues.json?type=countries
2016-07-26 14:28:33 Debugget: http://localhost/ndorsedev/api/getPredefinedValues.json?type=core_values
2016-07-26 14:28:33 Debugget: http://localhost/ndorsedev/api/getPredefinedValues.json?type=departments
2016-07-26 14:28:33 Debugget: http://localhost/ndorsedev/api/getPredefinedValues.json?type=job_titles
2016-07-26 14:28:46 Debugget: http://localhost/ndorsedev/api/getPredefinedValues.json?type=core_values
2016-07-26 14:28:46 Debugget: http://localhost/ndorsedev/api/getPredefinedValues.json?type=departments
2016-07-26 14:28:46 Debugget: http://localhost/ndorsedev/api/getPredefinedValues.json?type=job_titles
2016-07-26 14:28:54 Debugget: http://localhost/ndorsedev/api/getOrganization.json?token=3c18bec5e3bf271ba24f3df6348fd33e&oid=778
2016-07-26 15:00:01 Debugget: http://localhost/ndorsedev/api/getPredefinedValues.json?type=core_values
2016-07-26 15:00:01 Debugget: http://localhost/ndorsedev/api/getPredefinedValues.json?type=departments
2016-07-26 15:00:01 Debugget: http://localhost/ndorsedev/api/getPredefinedValues.json?type=job_titles
2016-07-26 15:00:13 Debugget: http://localhost/ndorsedev/api/getPredefinedValues.json?type=core_values
2016-07-26 15:00:13 Debugget: http://localhost/ndorsedev/api/getPredefinedValues.json?type=departments
2016-07-26 15:00:13 Debugget: http://localhost/ndorsedev/api/getPredefinedValues.json?type=job_titles
2016-07-26 15:57:21 Debugget: http://localhost/ndorsedev/api/getOrganization.json?token=1501ec368a10ebc4f5e0290da6517910&oid=769
2016-07-26 15:57:37 Debugget: http://localhost/ndorsedev/api/getOrganization.json?token=1501ec368a10ebc4f5e0290da6517910&oid=769
2016-07-26 15:58:04 Debugget: http://localhost/ndorsedev/api/getOrganization.json?token=0d41acce0d4c3ead11c3558bcd0d7cfc&oid=769
2016-07-26 16:08:46 Debugget: http://localhost/ndorsedev/api/getOrganization.json?token=0d41acce0d4c3ead11c3558bcd0d7cfc&oid=769
2016-07-26 16:09:31 Debugget: http://localhost/ndorsedev/api/getOrganization.json?token=0d41acce0d4c3ead11c3558bcd0d7cfc&oid=769
2016-07-26 16:20:01 Debugget: http://localhost/ndorsedev/api/getOrganization.json?token=0d41acce0d4c3ead11c3558bcd0d7cfc&oid=769
2016-07-26 16:48:57 Debugget: http://localhost/ndorsedev/api/getOrganization.json?token=7a6cde57e76787033d69276aa90e23fe&oid=769
2016-07-26 16:49:51 Debugget: http://localhost/ndorsedev/api/getOrganization.json?token=7a6cde57e76787033d69276aa90e23fe&oid=769
2016-07-26 16:50:52 Debugget: http://localhost/ndorsedev/api/getOrganization.json?token=7a6cde57e76787033d69276aa90e23fe&oid=769
2016-07-26 18:25:00 Debugget: http://localhost/ndorsedev/api/getOrganization.json?token=ec5a6aa0926f4b2b6a133162fc65b42b&oid=772
2016-07-26 18:25:21 Debugget: http://localhost/ndorsedev/api/getOrganization.json?token=ec5a6aa0926f4b2b6a133162fc65b42b&oid=769
2016-07-26 18:25:49 Debugget: http://localhost/ndorsedev/api/getOrganization.json?token=ec5a6aa0926f4b2b6a133162fc65b42b&oid=779
2016-07-26 18:25:58 Debugget: http://localhost/ndorsedev/api/getOrganization.json?token=ec5a6aa0926f4b2b6a133162fc65b42b&oid=769
2016-07-26 18:26:10 Debugget: http://localhost/ndorsedev/api/getOrganization.json?token=ec5a6aa0926f4b2b6a133162fc65b42b&oid=769
2016-07-26 18:59:47 Debugget: http://localhost/ndorsedev/api/getPredefinedValues.json?type=core_values
2016-07-26 18:59:47 Debugget: http://localhost/ndorsedev/api/getPredefinedValues.json?type=departments
2016-07-26 18:59:47 Debugget: http://localhost/ndorsedev/api/getPredefinedValues.json?type=job_titles
2016-07-26 19:01:27 Debugget: http://localhost/ndorsedev/api/getPredefinedValues.json?type=core_values
2016-07-26 19:01:27 Debugget: http://localhost/ndorsedev/api/getPredefinedValues.json?type=departments
2016-07-26 19:01:27 Debugget: http://localhost/ndorsedev/api/getPredefinedValues.json?type=job_titles
2016-07-26 19:03:47 Debugget: http://localhost/ndorsedev/api/getOrganization.json?token=7a947e2cc092e1d5f0734718047da80b&oid=769
2016-07-26 19:03:54 Debugget: http://localhost/ndorsedev/api/getOrganization.json?token=7a947e2cc092e1d5f0734718047da80b&oid=769
2016-07-27 14:28:00 Debugget: http://localhost/ndorsedev/api/getPredefinedValues.json?type=core_values
2016-07-27 14:28:00 Debugget: http://localhost/ndorsedev/api/getPredefinedValues.json?type=departments
2016-07-27 14:28:00 Debugget: http://localhost/ndorsedev/api/getPredefinedValues.json?type=job_titles
2016-07-27 14:43:34 Debugget: http://localhost/ndorsedev/api/getOrganization.json?token=9062f104207a363961a6a783367977c8&oid=1
2016-07-27 14:44:03 Debugget: http://localhost/ndorsedev/api/getOrganization.json?token=9062f104207a363961a6a783367977c8&oid=1
2016-07-27 14:44:17 Debugget: http://localhost/ndorsedev/api/getOrganization.json?token=9062f104207a363961a6a783367977c8&oid=770
2016-07-27 14:45:23 Debugget: http://localhost/ndorsedev/api/getOrganization.json?token=9062f104207a363961a6a783367977c8&oid=770
2016-07-27 14:46:09 Debugget: http://localhost/ndorsedev/api/getOrganization.json?token=9062f104207a363961a6a783367977c8&oid=770
2016-07-27 14:46:24 Debugget: http://localhost/ndorsedev/api/getOrganization.json?token=9062f104207a363961a6a783367977c8&oid=770
2016-07-27 14:46:44 Debugget: http://localhost/ndorsedev/api/getOrganization.json?token=9062f104207a363961a6a783367977c8&oid=770
2016-07-27 14:46:56 Debugget: http://localhost/ndorsedev/api/getOrganization.json?token=9062f104207a363961a6a783367977c8&oid=770
2016-07-27 14:47:06 Debugget: http://localhost/ndorsedev/api/getOrganization.json?token=9062f104207a363961a6a783367977c8&oid=769
2016-07-27 14:47:17 Debugget: http://localhost/ndorsedev/api/getOrganization.json?token=9062f104207a363961a6a783367977c8&oid=770
2016-07-27 14:47:50 Debugget: http://localhost/ndorsedev/api/getOrganization.json?token=9062f104207a363961a6a783367977c8&oid=770
2016-07-27 14:48:25 Debugget: http://localhost/ndorsedev/api/getOrganization.json?token=9062f104207a363961a6a783367977c8&oid=770
2016-07-27 14:48:39 Debugget: http://localhost/ndorsedev/api/getOrganization.json?token=9062f104207a363961a6a783367977c8&oid=770
2016-07-27 14:49:25 Debugget: http://localhost/ndorsedev/api/getOrganization.json?token=9062f104207a363961a6a783367977c8&oid=770
2016-07-27 14:50:04 Debugget: http://localhost/ndorsedev/api/getOrganization.json?token=9062f104207a363961a6a783367977c8&oid=770
2016-07-27 14:50:23 Debugget: http://localhost/ndorsedev/api/getOrganization.json?token=9062f104207a363961a6a783367977c8&oid=770
2016-07-27 15:16:25 Debugget: http://localhost/ndorsedev/api/getOrganization.json?token=9062f104207a363961a6a783367977c8&oid=770
2016-07-27 15:17:12 Debugget: http://localhost/ndorsedev/api/getOrganization.json?token=9062f104207a363961a6a783367977c8&oid=770
2016-07-27 15:17:46 Debugget: http://localhost/ndorsedev/api/getOrganization.json?token=9062f104207a363961a6a783367977c8&oid=770
2016-07-27 15:19:16 Debugget: http://localhost/ndorsedev/api/getOrganization.json?token=9062f104207a363961a6a783367977c8&oid=770
2016-07-27 15:21:19 Debugget: http://localhost/ndorsedev/api/getOrganization.json?token=9062f104207a363961a6a783367977c8&oid=770
2016-07-27 15:21:20 Debugget: http://localhost/ndorsedev/api/getOrganization.json?token=9062f104207a363961a6a783367977c8&oid=770
2016-07-27 15:22:56 Debugget: http://localhost/ndorsedev/api/getOrganization.json?token=9062f104207a363961a6a783367977c8&oid=770
2016-07-27 15:23:42 Debugget: http://localhost/ndorsedev/api/getOrganization.json?token=9062f104207a363961a6a783367977c8&oid=769
2016-07-27 15:24:18 Debugget: http://localhost/ndorsedev/api/getOrganization.json?token=9062f104207a363961a6a783367977c8&oid=769
2016-07-27 15:24:22 Debugget: http://localhost/ndorsedev/api/getOrganization.json?token=9062f104207a363961a6a783367977c8&oid=770
2016-07-27 15:24:35 Debugget: http://localhost/ndorsedev/api/getOrganization.json?token=9062f104207a363961a6a783367977c8&oid=770
2016-07-27 15:57:32 Debugget: http://localhost/ndorsedev/api/getOrganization.json?token=b0f7185b3c362d165c0c2ea6f5f73e64&oid=770
2016-07-27 15:58:20 Debugget: http://localhost/ndorsedev/api/getOrganization.json?token=b0f7185b3c362d165c0c2ea6f5f73e64&oid=770
2016-07-27 15:58:22 Debugget: http://localhost/ndorsedev/api/getOrganization.json?token=b0f7185b3c362d165c0c2ea6f5f73e64&oid=770
2016-07-27 15:58:34 Debugget: http://localhost/ndorsedev/api/getOrganization.json?token=b0f7185b3c362d165c0c2ea6f5f73e64&oid=770
2016-07-27 15:58:36 Debugget: http://localhost/ndorsedev/api/getOrganization.json?token=b0f7185b3c362d165c0c2ea6f5f73e64&oid=770
2016-07-27 15:58:38 Debugget: http://localhost/ndorsedev/api/getOrganization.json?token=b0f7185b3c362d165c0c2ea6f5f73e64&oid=770
2016-07-27 15:58:53 Debugget: http://localhost/ndorsedev/api/getOrganization.json?token=b0f7185b3c362d165c0c2ea6f5f73e64&oid=770
2016-07-27 15:59:15 Debugget: http://localhost/ndorsedev/api/getOrganization.json?token=b0f7185b3c362d165c0c2ea6f5f73e64&oid=770
2016-07-27 15:59:41 Debugget: http://localhost/ndorsedev/api/getOrganization.json?token=b0f7185b3c362d165c0c2ea6f5f73e64&oid=769
2016-07-27 16:01:36 Debugget: http://localhost/ndorsedev/api/getOrganization.json?token=b0f7185b3c362d165c0c2ea6f5f73e64&oid=769
2016-07-27 16:05:24 Debugget: http://localhost/ndorsedev/api/getOrganization.json?token=b0f7185b3c362d165c0c2ea6f5f73e64&oid=769
2016-07-27 16:06:56 Debugget: http://localhost/ndorsedev/api/getOrganization.json?token=b0f7185b3c362d165c0c2ea6f5f73e64&oid=769
2016-07-27 16:09:37 Debugget: http://localhost/ndorsedev/api/getOrganization.json?token=b0f7185b3c362d165c0c2ea6f5f73e64&oid=769
2016-07-27 16:10:22 Debugget: http://localhost/ndorsedev/api/getOrganization.json?token=b0f7185b3c362d165c0c2ea6f5f73e64&oid=769
2016-07-27 16:10:36 Debugget: http://localhost/ndorsedev/api/getOrganization.json?token=b0f7185b3c362d165c0c2ea6f5f73e64&oid=769
2016-07-27 16:10:51 Debugget: http://localhost/ndorsedev/api/getOrganization.json?token=b0f7185b3c362d165c0c2ea6f5f73e64&oid=769
2016-07-27 16:10:57 Debugget: http://localhost/ndorsedev/api/getOrganization.json?token=b0f7185b3c362d165c0c2ea6f5f73e64&oid=769
2016-07-27 16:11:17 Debugget: http://localhost/ndorsedev/api/getOrganization.json?token=b0f7185b3c362d165c0c2ea6f5f73e64&oid=769
2016-07-27 16:11:23 Debugget: http://localhost/ndorsedev/api/getOrganization.json?token=b0f7185b3c362d165c0c2ea6f5f73e64&oid=769
2016-07-27 16:12:41 Debugget: http://localhost/ndorsedev/api/getOrganization.json?token=b0f7185b3c362d165c0c2ea6f5f73e64&oid=769
2016-07-27 16:13:00 Debugget: http://localhost/ndorsedev/api/getOrganization.json?token=b0f7185b3c362d165c0c2ea6f5f73e64&oid=769
2016-07-27 16:13:08 Debugget: http://localhost/ndorsedev/api/getOrganization.json?token=b0f7185b3c362d165c0c2ea6f5f73e64&oid=769
2016-07-27 16:13:39 Debugget: http://localhost/ndorsedev/api/getOrganization.json?token=b0f7185b3c362d165c0c2ea6f5f73e64&oid=769
2016-07-27 16:14:30 Debugget: http://localhost/ndorsedev/api/getOrganization.json?token=b0f7185b3c362d165c0c2ea6f5f73e64&oid=769
2016-07-27 16:14:40 Debugget: http://localhost/ndorsedev/api/getOrganization.json?token=b0f7185b3c362d165c0c2ea6f5f73e64&oid=769
2016-07-27 16:14:48 Debugget: http://localhost/ndorsedev/api/getOrganization.json?token=b0f7185b3c362d165c0c2ea6f5f73e64&oid=769
2016-07-27 16:14:51 Debugget: http://localhost/ndorsedev/api/getOrganization.json?token=b0f7185b3c362d165c0c2ea6f5f73e64&oid=769
2016-07-27 16:14:53 Debugget: http://localhost/ndorsedev/api/getOrganization.json?token=b0f7185b3c362d165c0c2ea6f5f73e64&oid=769
2016-07-27 16:15:38 Debugget: http://localhost/ndorsedev/api/getPredefinedValues.json?type=core_values
2016-07-27 16:15:38 Debugget: http://localhost/ndorsedev/api/getPredefinedValues.json?type=departments
2016-07-27 16:15:38 Debugget: http://localhost/ndorsedev/api/getPredefinedValues.json?type=job_titles
2016-07-27 16:20:17 Debugget: http://localhost/ndorsedev/api/getPredefinedValues.json?type=countries
2016-07-27 16:48:00 Debugget: http://localhost/ndorsedev/api/getOrganization.json?token=9024aea70688976f90682399a3fe914a&oid=769
2016-07-27 16:50:55 Debugget: http://localhost/ndorsedev/api/getOrganization.json?token=9024aea70688976f90682399a3fe914a&oid=769
2016-07-27 16:51:17 Debugget: http://localhost/ndorsedev/api/getOrganization.json?token=9024aea70688976f90682399a3fe914a&oid=769
2016-07-27 16:51:55 Debugget: http://localhost/ndorsedev/api/getOrganization.json?token=9024aea70688976f90682399a3fe914a&oid=769
2016-07-27 16:52:39 Debugget: http://localhost/ndorsedev/api/getOrganization.json?token=9024aea70688976f90682399a3fe914a&oid=770
2016-07-27 16:54:07 Debugget: http://localhost/ndorsedev/api/getOrganization.json?token=b0a2c74e6ad3b6feaba499dea1afe689&oid=5
2016-07-27 16:54:07 Debugget: http://localhost/ndorsedev/api/getOrganization.json?token=b0a2c74e6ad3b6feaba499dea1afe689&oid=5
2016-07-27 16:54:25 Debugget: http://localhost/ndorsedev/api/getOrganization.json?token=b0a2c74e6ad3b6feaba499dea1afe689&oid=769
2016-07-27 17:03:09 Debugget: http://localhost/ndorsedev/api/getOrganization.json?token=b0a2c74e6ad3b6feaba499dea1afe689&oid=1
2016-07-27 17:06:02 Debugget: http://localhost/ndorsedev/api/getOrganization.json?token=b0a2c74e6ad3b6feaba499dea1afe689&oid=769
2016-07-27 17:06:28 Debugget: http://localhost/ndorsedev/api/getOrganization.json?token=418f3e8e40be48ae6b6297834c99909b&oid=770
2016-07-27 17:07:40 Debugget: http://localhost/ndorsedev/api/getOrganization.json?token=418f3e8e40be48ae6b6297834c99909b&oid=770
2016-07-27 17:08:02 Debugget: http://localhost/ndorsedev/api/getOrganization.json?token=418f3e8e40be48ae6b6297834c99909b&oid=769
2016-07-27 17:09:00 Debugget: http://localhost/ndorsedev/api/getOrganization.json?token=418f3e8e40be48ae6b6297834c99909b&oid=769
2016-07-27 17:17:47 Debugget: http://localhost/ndorsedev/api/getOrganization.json?token=418f3e8e40be48ae6b6297834c99909b&oid=769
2016-07-27 17:21:00 Debugget: http://localhost/ndorsedev/api/getPredefinedValues.json?type=countries
2016-07-27 17:27:23 Debugget: http://192.168.5.225/ndorsedev/api/getPredefinedValues.json?type=countries
2016-07-27 17:28:18 Debugget: http://192.168.5.225/ndorsedev/api/getOrganization.json?token=be0db9856feeaec8a2f6a4b2654dcd49&oid=21
2016-07-27 17:28:33 Debugget: http://192.168.5.225/ndorsedev/api/getPredefinedValues.json?type=core_values
2016-07-27 17:28:33 Debugget: http://192.168.5.225/ndorsedev/api/getPredefinedValues.json?type=departments
2016-07-27 17:28:33 Debugget: http://192.168.5.225/ndorsedev/api/getPredefinedValues.json?type=job_titles
2016-07-27 17:29:10 Debugget: http://192.168.5.225/ndorsedev/api/getOrganization.json?token=be0db9856feeaec8a2f6a4b2654dcd49&oid=21
2016-07-27 17:29:14 Debugget: http://192.168.5.225/ndorsedev/api/getPredefinedValues.json?type=core_values
2016-07-27 17:29:14 Debugget: http://192.168.5.225/ndorsedev/api/getPredefinedValues.json?type=departments
2016-07-27 17:29:14 Debugget: http://192.168.5.225/ndorsedev/api/getPredefinedValues.json?type=job_titles
2016-07-27 17:30:10 Debugget: http://192.168.5.225/ndorsedev/api/getPredefinedValues.json?type=core_values
2016-07-27 17:30:10 Debugget: http://192.168.5.225/ndorsedev/api/getPredefinedValues.json?type=departments
2016-07-27 17:30:10 Debugget: http://192.168.5.225/ndorsedev/api/getPredefinedValues.json?type=job_titles
2016-07-27 17:30:49 Debugget: http://192.168.5.225/ndorsedev/api/getPredefinedValues.json?type=core_values
2016-07-27 17:30:49 Debugget: http://192.168.5.225/ndorsedev/api/getPredefinedValues.json?type=departments
2016-07-27 17:30:49 Debugget: http://192.168.5.225/ndorsedev/api/getPredefinedValues.json?type=job_titles
2016-07-27 17:30:51 Debugget: http://192.168.5.225/ndorsedev/api/getOrganization.json?token=be0db9856feeaec8a2f6a4b2654dcd49&oid=21
2016-07-27 17:32:20 Debugget: http://192.168.5.225/ndorsedev/api/getPredefinedValues.json?type=core_values
2016-07-27 17:32:20 Debugget: http://192.168.5.225/ndorsedev/api/getPredefinedValues.json?type=departments
2016-07-27 17:32:20 Debugget: http://192.168.5.225/ndorsedev/api/getPredefinedValues.json?type=job_titles
2016-07-27 17:35:53 Debugget: http://192.168.5.225/ndorsedev/api/getOrganization.json?token=be0db9856feeaec8a2f6a4b2654dcd49&oid=21
2016-07-27 17:42:35 Debugget: http://localhost/ndorsedev/api/faq.json?
2016-07-27 17:43:47 Debugget: http://localhost/ndorsedev/api/faq.json?
2016-07-27 17:44:06 Debugget: http://localhost/ndorsedev/api/faq.json?
2016-07-27 17:44:18 Debugget: http://localhost/ndorsedev/api/faq.json?
2016-07-27 17:45:00 Debugget: http://localhost/ndorsedev/api/faq.json?
2016-07-27 17:45:55 Debugget: http://localhost/ndorsedev/api/faq.json?
2016-07-27 17:50:17 Debugget: http://localhost/ndorsedev/api/faq.json?
2016-07-27 17:50:21 Debugget: http://localhost/ndorsedev/api/faq.json?
2016-07-27 18:02:15 Debugget: http://localhost/ndorsedev/api/faq.json?
2016-07-27 18:03:32 Debugget: http://localhost/ndorsedev/api/faq.json?
2016-07-27 18:03:48 Debugget: http://localhost/ndorsedev/api/faq.json?
2016-07-27 18:03:49 Debugget: http://localhost/ndorsedev/api/faq.json?
2016-07-27 18:04:23 Debugget: http://localhost/ndorsedev/api/faq.json?
2016-07-27 18:05:23 Debugget: http://localhost/ndorsedev/api/faq.json?
2016-07-27 18:07:03 Debugget: http://localhost/ndorsedev/api/faq.json?
2016-07-27 18:07:16 Debugget: http://localhost/ndorsedev/api/faq.json?
2016-07-27 18:07:58 Debugget: http://localhost/ndorsedev/api/faq.json?
2016-07-27 18:09:32 Debugget: http://localhost/ndorsedev/api/faq.json?
2016-07-27 18:09:40 Debugget: http://localhost/ndorsedev/api/faq.json?
2016-07-27 18:10:28 Debugget: http://localhost/ndorsedev/api/faq.json?
2016-07-27 18:10:29 Debugget: http://localhost/ndorsedev/api/faq.json?
2016-07-27 18:10:38 Debugget: http://localhost/ndorsedev/api/faq.json?
2016-07-27 18:10:40 Debugget: http://localhost/ndorsedev/api/faq.json?
2016-07-27 18:10:54 Debugget: http://localhost/ndorsedev/api/faq.json?
2016-07-27 18:11:04 Debugget: http://localhost/ndorsedev/api/faq.json?
2016-07-27 18:11:12 Debugget: http://localhost/ndorsedev/api/faq.json?
2016-07-27 18:11:19 Debugget: http://localhost/ndorsedev/api/faq.json?
2016-07-27 18:11:23 Debugget: http://localhost/ndorsedev/api/faq.json?
2016-07-27 18:12:01 Debugget: http://localhost/ndorsedev/api/faq.json?
2016-07-27 18:12:01 Debugget: http://localhost/ndorsedev/api/faq.json?
2016-07-27 18:12:08 Debugget: http://localhost/ndorsedev/api/faq.json?
2016-07-27 18:12:15 Debugget: http://localhost/ndorsedev/api/faq.json?
2016-07-27 18:12:29 Debugget: http://localhost/ndorsedev/api/faq.json?
2016-07-27 18:13:36 Debugget: http://localhost/ndorsedev/api/faq.json?
2016-07-27 18:16:50 Debugget: http://localhost/ndorsedev/api/faq.json?
2016-07-27 18:16:59 Debugget: http://localhost/ndorsedev/api/faq.json?
2016-07-27 18:17:30 Debugget: http://localhost/ndorsedev/api/faq.json?
2016-07-27 18:18:09 Debugget: http://localhost/ndorsedev/api/getOrganization.json?token=68964b6905420b805238d0b4bb2e5c04&oid=769
2016-07-27 18:18:18 Debugget: http://localhost/ndorsedev/api/faq.json?
2016-07-27 18:22:24 Debugget: http://localhost/ndorsedev/api/faq.json?
2016-07-27 18:23:16 Debugget: http://localhost/ndorsedev/api/faq.json?
2016-07-27 18:23:52 Debugget: http://localhost/ndorsedev/api/faq.json?
2016-07-27 18:24:48 Debugget: http://localhost/ndorsedev/api/faq.json?
2016-07-27 18:24:57 Debugget: http://localhost/ndorsedev/api/faq.json?
2016-07-27 18:26:01 Debugget: http://localhost/ndorsedev/api/faq.json?
2016-07-27 18:26:07 Debugget: http://localhost/ndorsedev/api/faq.json?
2016-07-27 18:27:34 Debugget: http://localhost/ndorsedev/api/faq.json?
2016-07-27 18:28:02 Debugget: http://localhost/ndorsedev/api/faq.json?
2016-07-27 18:28:13 Debugget: http://localhost/ndorsedev/api/faq.json?
2016-07-27 18:28:21 Debugget: http://localhost/ndorsedev/api/faq.json?
2016-07-27 18:28:40 Debugget: http://localhost/ndorsedev/api/faq.json?
2016-07-27 18:29:02 Debugget: http://localhost/ndorsedev/api/faq.json?
2016-07-27 18:29:59 Debugget: http://localhost/ndorsedev/api/faq.json?
2016-07-27 18:30:39 Debugget: http://localhost/ndorsedev/api/faq.json?
2016-07-27 18:31:48 Debugget: http://localhost/ndorsedev/api/faq.json?
2016-07-27 18:31:52 Debugget: http://localhost/ndorsedev/api/faq.json?
2016-07-27 18:32:37 Debugget: http://localhost/ndorsedev/api/faq.json?
2016-07-27 18:33:09 Debugget: http://localhost/ndorsedev/api/faq.json?
2016-07-27 18:38:53 Debugget: http://localhost/ndorsedev/api/faq.json?
2016-07-27 18:39:05 Debugget: http://localhost/ndorsedev/api/faq.json?
2016-07-27 18:39:27 Debugget: http://localhost/ndorsedev/api/faq.json?
2016-07-27 18:39:41 Debugget: http://localhost/ndorsedev/api/faq.json?
2016-07-27 18:40:21 Debugget: http://localhost/ndorsedev/api/faq.json?
2016-07-27 18:41:40 Debugget: http://localhost/ndorsedev/api/faq.json?
2016-07-27 18:42:11 Debugget: http://localhost/ndorsedev/api/faq.json?
2016-07-27 18:43:07 Debugget: http://localhost/ndorsedev/api/faq.json?
2016-07-27 18:43:27 Debugget: http://localhost/ndorsedev/api/faq.json?
2016-07-27 18:43:36 Debugget: http://localhost/ndorsedev/api/faq.json?
2016-07-27 18:44:06 Debugget: http://localhost/ndorsedev/api/faq.json?
2016-07-27 18:45:46 Debugget: http://localhost/ndorsedev/api/faq.json?
2016-07-27 18:46:26 Debugget: http://localhost/ndorsedev/api/faq.json?
2016-07-27 18:48:57 Debugget: http://localhost/ndorsedev/api/faq.json?
2016-07-27 18:49:01 Debugget: http://localhost/ndorsedev/api/faq.json?
2016-07-27 18:49:07 Debugget: http://localhost/ndorsedev/api/faq.json?
2016-07-27 20:00:26 Debugget: http://localhost/ndorsedev/api/faq.json?
2016-07-27 20:00:31 Debugget: http://localhost/ndorsedev/api/faq.json?
2016-07-27 20:29:18 Debugget: http://localhost/ndorsedev/api/faq.json?
2016-07-27 20:29:53 Debugget: http://localhost/ndorsedev/api/faq.json?
2016-07-27 20:30:31 Debugget: http://localhost/ndorsedev/api/faq.json?
2016-07-27 20:30:53 Debugget: http://localhost/ndorsedev/api/faq.json?
2016-07-27 20:31:25 Debugget: http://localhost/ndorsedev/api/faq.json?
2016-07-27 20:31:44 Debugget: http://localhost/ndorsedev/api/faq.json?
2016-07-27 20:32:40 Debugget: http://localhost/ndorsedev/api/faq.json?
2016-07-27 20:32:41 Debugget: http://localhost/ndorsedev/api/faq.json?
2016-07-27 20:32:42 Debugget: http://localhost/ndorsedev/api/faq.json?
2016-07-27 20:33:08 Debugget: http://localhost/ndorsedev/api/faq.json?
2016-07-27 20:33:10 Debugget: http://localhost/ndorsedev/api/faq.json?
2016-07-27 20:36:57 Debugget: http://localhost/ndorsedev/api/faq.json?is_web=1
2016-07-27 20:37:08 Debugget: http://localhost/ndorsedev/api/faq.json?is_web=1
2016-07-27 20:37:23 Debugget: http://localhost/ndorsedev/api/faq.json?is_web=1
2016-07-27 20:37:33 Debugget: http://localhost/ndorsedev/api/faq.json?is_web=1
2016-07-27 20:38:01 Debugget: http://localhost/ndorsedev/api/faq.json?is_web=1
2016-07-27 20:38:12 Debugget: http://localhost/ndorsedev/api/faq.json?is_web=1
2016-07-27 20:38:14 Debugget: http://localhost/ndorsedev/api/faq.json?is_web=1
2016-07-27 20:38:24 Debugget: http://localhost/ndorsedev/api/faq.json?is_web=1
2016-07-27 20:39:28 Debugget: http://localhost/ndorsedev/api/faq.json?is_web=1
2016-07-27 20:39:29 Debugget: http://localhost/ndorsedev/api/faq.json?is_web=1
2016-07-27 20:39:29 Debugget: http://localhost/ndorsedev/api/faq.json?is_web=1
2016-07-27 20:39:29 Debugget: http://localhost/ndorsedev/api/faq.json?is_web=1
2016-07-27 20:39:30 Debugget: http://localhost/ndorsedev/api/faq.json?is_web=1
2016-07-27 20:41:17 Debugget: http://localhost/ndorsedev/api/faq.json?is_web=1
2016-07-27 20:41:30 Debugget: http://localhost/ndorsedev/api/faq.json?is_web=1
2016-07-27 20:41:39 Debugget: http://localhost/ndorsedev/api/faq.json?is_web=1
2016-07-27 20:42:16 Debugget: http://localhost/ndorsedev/api/faq.json?is_web=1
2016-07-27 20:44:58 Debugget: http://localhost/ndorsedev/api/faq.json?is_web=1
2016-07-27 20:46:38 Debugget: http://localhost/ndorsedev/api/faq.json?is_web=1
2016-07-27 20:49:49 Debugget: http://localhost/ndorsedev/api/faq.json?is_web=1
2016-07-27 20:50:30 Debugget: http://localhost/ndorsedev/api/faq.json?is_web=1
2016-07-27 20:50:47 Debugget: http://localhost/ndorsedev/api/faq.json?is_web=1
2016-07-28 10:15:39 Debugget: http://localhost/ndorsedev/api/faq.json?
2016-07-28 10:15:44 Debugget: http://localhost/ndorsedev/api/faq.json?is_web=1
2016-07-28 10:17:25 Debugget: http://localhost/ndorsedev/api/faq.json?
2016-07-28 10:26:12 Debugget: http://localhost/ndorsedev/api/faq.json?is_web=1
2016-07-28 10:26:12 Debugget: http://localhost/ndorsedev/api/faq.json?is_web=1
2016-07-28 10:29:10 Debugget: http://localhost/ndorsedev/api/faq.json?is_web=1
2016-07-28 10:29:10 Debugget: http://localhost/ndorsedev/api/faq.json?is_web=1
2016-07-28 10:29:18 Debugget: http://localhost/ndorsedev/api/faq.json?is_web=1
2016-07-28 10:29:18 Debugget: http://localhost/ndorsedev/api/faq.json?is_web=1
2016-07-28 10:34:37 Debugget: http://localhost/ndorsedev/api/faq.json?
2016-07-28 10:34:51 Debugget: http://localhost/ndorsedev/api/faq.json?is_web=1
2016-07-28 10:34:51 Debugget: http://localhost/ndorsedev/api/faq.json?is_web=1
2016-07-28 10:35:08 Debugget: http://localhost/ndorsedev/api/faq.json?
2016-07-28 10:35:37 Debugget: http://localhost/ndorsedev/api/faq.json?
2016-07-28 10:35:52 Debugget: http://localhost/ndorsedev/api/faq.json?is_web=1
2016-07-28 10:35:52 Debugget: http://localhost/ndorsedev/api/faq.json?is_web=1
2016-07-28 10:36:49 Debugget: http://localhost/ndorsedev/api/faq.json?is_web=1
2016-07-28 10:36:49 Debugget: http://localhost/ndorsedev/api/faq.json?is_web=1
2016-07-28 10:38:49 Debugget: http://localhost/ndorsedev/api/faq.json?is_web=1
2016-07-28 10:38:49 Debugget: http://localhost/ndorsedev/api/faq.json?is_web=1
2016-07-28 10:38:55 Debugget: http://localhost/ndorsedev/api/faq.json?
2016-07-28 10:39:03 Debugget: http://localhost/ndorsedev/api/faq.json?
2016-07-28 10:40:38 Debugget: http://localhost/ndorsedev/api/faq.json?
2016-07-28 10:40:58 Debugget: http://localhost/ndorsedev/api/faq.json?
2016-07-28 10:41:05 Debugget: http://localhost/ndorsedev/api/faq.json?is_web=1
2016-07-28 10:41:54 Debugget: http://localhost/ndorsedev/api/faq.json?is_web=1
2016-07-28 10:42:11 Debugget: http://localhost/ndorsedev/api/faq.json?is_web=1
2016-07-28 10:43:02 Debugget: http://localhost/ndorsedev/api/faq.json?is_web=1
2016-07-28 10:43:03 Debugget: http://localhost/ndorsedev/api/faq.json?is_web=1
2016-07-28 10:43:10 Debugget: http://localhost/ndorsedev/api/faq.json?is_web=1
2016-07-28 10:43:21 Debugget: http://localhost/ndorsedev/api/faq.json?is_web=1
2016-07-28 10:43:48 Debugget: http://localhost/ndorsedev/api/faq.json?is_web=1
2016-07-28 10:43:57 Debugget: http://localhost/ndorsedev/api/faq.json?is_web=1
2016-07-28 10:43:59 Debugget: http://localhost/ndorsedev/api/faq.json?is_web=1
2016-07-28 10:44:56 Debugget: http://localhost/ndorsedev/api/faq.json?is_web=1
2016-07-28 10:45:07 Debugget: http://localhost/ndorsedev/api/faq.json?
2016-07-28 10:45:14 Debugget: http://localhost/ndorsedev/api/faq.json?is_web=1
2016-07-28 10:45:34 Debugget: http://localhost/ndorsedev/api/faq.json?
2016-07-28 10:45:48 Debugget: http://localhost/ndorsedev/api/faq.json?
2016-07-28 10:45:56 Debugget: http://localhost/ndorsedev/api/faq.json?
2016-07-28 10:48:58 Debugget: http://localhost/ndorsedev/api/faq.json?is_web=1
2016-07-28 10:48:59 Debugget: http://localhost/ndorsedev/api/faq.json?is_web=1
2016-07-28 10:49:05 Debugget: http://localhost/ndorsedev/api/faq.json?
2016-07-28 10:50:04 Debugget: http://localhost/ndorsedev/api/faq.json?is_web=1
2016-07-28 10:50:09 Debugget: http://localhost/ndorsedev/api/faq.json?is_web=1
2016-07-28 10:50:14 Debugget: http://localhost/ndorsedev/api/faq.json?is_web=1
2016-07-28 10:50:16 Debugget: http://localhost/ndorsedev/api/faq.json?is_web=1
2016-07-28 10:51:28 Debugget: http://localhost/ndorsedev/api/faq.json?is_web=1
2016-07-28 10:51:29 Debugget: http://localhost/ndorsedev/api/faq.json?is_web=1
2016-07-28 10:51:31 Debugget: http://localhost/ndorsedev/api/faq.json?is_web=1
2016-07-28 10:51:34 Debugget: http://localhost/ndorsedev/api/faq.json?
2016-07-28 10:51:43 Debugget: http://localhost/ndorsedev/api/faq.json?is_web=1
2016-07-28 10:51:48 Debugget: http://localhost/ndorsedev/api/faq.json?is_web=1
2016-07-28 10:52:49 Debugget: http://localhost/ndorsedev/api/sendtermconditions.json?email=sdsf%40gmail.com
2016-07-28 10:54:40 Debugget: http://localhost/ndorsedev/api/termsConditions.json?
2016-07-28 10:54:59 Debugget: http://localhost/ndorsedev/api/termsConditions.json?
2016-07-28 10:59:10 Debugget: http://localhost/ndorsedev/api/faq.json?is_web=1
2016-07-28 10:59:28 Debugget: http://localhost/ndorsedev/api/faq.json?
2016-07-28 10:59:36 Debugget: http://localhost/ndorsedev/api/faq.json?
2016-07-28 10:59:58 Debugget: http://localhost/ndorsedev/api/faq.json?
2016-07-28 11:01:26 Debugget: http://localhost/ndorsedev/api/faq.json?
2016-07-28 11:01:39 Debugget: http://localhost/ndorsedev/api/faq.json?is_web=1
2016-07-28 11:01:52 Debugget: http://localhost/ndorsedev/api/faq.json?is_web=1
2016-07-28 11:01:54 Debugget: http://localhost/ndorsedev/api/faq.json?is_web=1
2016-07-28 11:06:35 Debugget: http://localhost/ndorsedev/api/faq.json?is_web=1
2016-07-28 11:06:41 Debugget: http://localhost/ndorsedev/api/termsConditions.json?is_web=1
2016-07-28 11:06:52 Debugget: http://localhost/ndorsedev/api/termsConditions.json?is_web=1
2016-07-28 11:07:53 Debugget: http://localhost/ndorsedev/api/termsConditions.json?is_web=1
2016-07-28 11:08:35 Debugget: http://localhost/ndorsedev/api/termsConditions.json?is_web=1
2016-07-28 11:08:45 Debugget: http://localhost/ndorsedev/api/termsConditions.json?is_web=1
2016-07-28 11:11:55 Debugget: http://localhost/ndorsedev/api/termsConditions.json?is_web=1
2016-07-28 11:12:07 Debugget: http://localhost/ndorsedev/api/termsConditions.json?is_web=1
2016-07-28 11:14:22 Debugget: http://localhost/ndorsedev/api/termsConditions.json?is_web=1
2016-07-28 11:14:25 Debugget: http://localhost/ndorsedev/api/termsConditions.json?is_web=1
2016-07-28 11:15:05 Debugget: http://localhost/ndorsedev/api/termsConditions.json?is_web=1
2016-07-28 11:15:13 Debugget: http://localhost/ndorsedev/api/termsConditions.json?is_web=1
2016-07-28 11:15:13 Debugget: http://localhost/ndorsedev/api/termsConditions.json?is_web=1
2016-07-28 11:15:17 Debugget: http://localhost/ndorsedev/api/termsConditions.json?is_web=1
2016-07-28 11:16:11 Debugget: http://localhost/ndorsedev/api/termsConditions.json?is_web=1
2016-07-28 11:16:15 Debugget: http://localhost/ndorsedev/api/faq.json?is_web=1
2016-07-28 11:16:24 Debugget: http://localhost/ndorsedev/api/termsConditions.json?is_web=1
2016-07-28 11:16:32 Debugget: http://localhost/ndorsedev/api/termsConditions.json?is_web=1
2016-07-28 11:16:41 Debugget: http://localhost/ndorsedev/api/termsConditions.json?is_web=1
2016-07-28 11:18:16 Debugget: http://localhost/ndorsedev/api/termsConditions.json?is_web=1
2016-07-28 11:18:20 Debugget: http://localhost/ndorsedev/api/termsConditions.json?is_web=1
2016-07-28 11:18:26 Debugget: http://localhost/ndorsedev/api/termsConditions.json?is_web=1
2016-07-28 11:18:30 Debugget: http://localhost/ndorsedev/api/faq.json?is_web=1
2016-07-28 11:36:30 Debugget: http://localhost/ndorsedev/api/faq.json?is_web=1
2016-07-28 11:36:33 Debugget: http://localhost/ndorsedev/api/termsConditions.json?is_web=1
2016-07-28 11:36:37 Debugget: http://localhost/ndorsedev/api/faq.json?is_web=1
2016-07-28 11:44:45 Debugget: http://localhost/ndorsedev/api/getOrganization.json?token=3f705a122121ed7c812e9cf021544731&oid=769
2016-07-28 11:44:54 Debugget: http://localhost/ndorsedev/api/getOrganization.json?token=3f705a122121ed7c812e9cf021544731&oid=769
2016-07-28 11:44:55 Debugget: http://localhost/ndorsedev/api/getOrganization.json?token=3f705a122121ed7c812e9cf021544731&oid=769
2016-07-28 11:44:56 Debugget: http://localhost/ndorsedev/api/getOrganization.json?token=3f705a122121ed7c812e9cf021544731&oid=769
2016-07-28 11:48:01 Debugget: http://localhost/ndorsedev/api/getOrganization.json?token=3f705a122121ed7c812e9cf021544731&oid=769
2016-07-28 11:48:04 Debugget: http://localhost/ndorsedev/api/getPredefinedValues.json?type=core_values
2016-07-28 11:48:04 Debugget: http://localhost/ndorsedev/api/getPredefinedValues.json?type=departments
2016-07-28 11:48:04 Debugget: http://localhost/ndorsedev/api/getPredefinedValues.json?type=job_titles
2016-07-28 11:48:16 Debugget: http://localhost/ndorsedev/api/getPredefinedValues.json?type=core_values
2016-07-28 11:48:16 Debugget: http://localhost/ndorsedev/api/getPredefinedValues.json?type=departments
2016-07-28 11:48:16 Debugget: http://localhost/ndorsedev/api/getPredefinedValues.json?type=job_titles
2016-07-28 11:48:45 Debugget: http://localhost/ndorsedev/api/getPredefinedValues.json?type=core_values
2016-07-28 11:48:45 Debugget: http://localhost/ndorsedev/api/getPredefinedValues.json?type=departments
2016-07-28 11:48:45 Debugget: http://localhost/ndorsedev/api/getPredefinedValues.json?type=job_titles
2016-07-28 12:03:11 Debugget: http://localhost/ndorsedev/api/getOrganization.json?token=4e44c473fd21c5fcf59b1cdf7c1dd83e&oid=769
2016-07-28 12:04:19 Debugget: http://localhost/ndorsedev/api/getOrganization.json?token=4e44c473fd21c5fcf59b1cdf7c1dd83e&oid=770
2016-07-28 12:04:58 Debugget: http://localhost/ndorsedev/api/getOrganization.json?token=4e44c473fd21c5fcf59b1cdf7c1dd83e&oid=769
2016-07-28 12:05:16 Debugget: http://localhost/ndorsedev/api/getOrganization.json?token=4e44c473fd21c5fcf59b1cdf7c1dd83e&oid=769
2016-07-28 12:06:01 Debugget: http://localhost/ndorsedev/api/termsConditions.json?is_web=1
2016-07-28 12:06:03 Debugget: http://localhost/ndorsedev/api/faq.json?is_web=1
2016-07-28 12:06:10 Debugget: http://localhost/ndorsedev/api/faq.json?is_web=1
2016-07-28 12:06:12 Debugget: http://localhost/ndorsedev/api/getOrganization.json?token=4e44c473fd21c5fcf59b1cdf7c1dd83e&oid=769
2016-07-28 12:08:32 Debugget: http://localhost/ndorsedev/api/getPredefinedValues.json?type=core_values
2016-07-28 12:08:32 Debugget: http://localhost/ndorsedev/api/getPredefinedValues.json?type=departments
2016-07-28 12:08:32 Debugget: http://localhost/ndorsedev/api/getPredefinedValues.json?type=job_titles
2016-07-28 12:09:34 Debugget: http://localhost/ndorsedev/api/getPredefinedValues.json?type=core_values
2016-07-28 12:09:34 Debugget: http://localhost/ndorsedev/api/getPredefinedValues.json?type=departments
2016-07-28 12:09:34 Debugget: http://localhost/ndorsedev/api/getPredefinedValues.json?type=job_titles
2016-07-28 12:09:48 Debugget: http://localhost/ndorsedev/api/getEmojis.json?
2016-07-28 12:11:13 Debugget: http://localhost/ndorsedev/api/getOrganization.json?token=eca1cb0ad81d3e77b6e20878ab477d3b&oid=769
2016-07-28 12:11:15 Debugget: http://localhost/ndorsedev/api/getOrganization.json?token=eca1cb0ad81d3e77b6e20878ab477d3b&oid=769
2016-07-28 13:06:43 Debugget: http://localhost/ndorsedev/api/getOrganization.json?token=d8482f6c32e512f51f45ce63cf398d76&oid=769
2016-07-28 14:39:53 Debugget: http://localhost/ndorsedev/api/getOrganization.json?token=9792ce83fb8fca866854c0da3c51a531&oid=769
2016-07-28 14:43:19 Debugget: http://localhost/ndorsedev/api/getEmojis.json?
2016-07-28 14:48:03 Debugget: http://localhost/ndorsedev/api/getEmojis.json?
2016-07-28 14:49:11 Debugget: http://localhost/ndorsedev/api/getEmojis.json?
2016-07-28 14:49:25 Debugget: http://localhost/ndorsedev/api/getEmojis.json?
2016-07-28 18:08:26 Debugget: http://localhost/ndorsedev/api/getEmojis.json?
2016-07-28 18:24:06 Debugget: http://localhost/ndorsedev/api/getOrganization.json?token=ab05e60e880b46a74a4a958cd9d8daa5&oid=769
2016-07-28 18:59:57 Debugget: http://localhost/ndorsedev/api/getOrganization.json?token=77f0072d4333a52137a936f43bf501f5&oid=769
2016-07-28 19:00:29 Debugget: http://localhost/ndorsedev/api/getOrganization.json?token=77f0072d4333a52137a936f43bf501f5&oid=769
2016-07-28 19:00:38 Debugget: http://localhost/ndorsedev/api/getOrganization.json?token=77f0072d4333a52137a936f43bf501f5&oid=769
2016-07-28 19:00:47 Debugget: http://localhost/ndorsedev/api/getOrganization.json?token=77f0072d4333a52137a936f43bf501f5&oid=770
2016-07-28 19:00:53 Debugget: http://localhost/ndorsedev/api/getOrganization.json?token=77f0072d4333a52137a936f43bf501f5&oid=769
2016-07-29 18:41:57 Debugget: http://localhost/ndorsedev/api/faq.json?is_web=1
2016-07-29 20:02:06 Debugget: http://localhost/ndorsedev/api/faq.json?is_web=1
2016-07-29 20:02:12 Debugget: http://localhost/ndorsedev/api/termsConditions.json?is_web=1
2016-07-29 20:02:46 Debugget: http://localhost/ndorsedev/api/faq.json?is_web=1
2016-07-29 20:02:59 Debugget: http://localhost/ndorsedev/api/faq.json?is_web=1
2016-07-29 20:03:02 Debugget: http://localhost/ndorsedev/api/termsConditions.json?is_web=1
2016-08-02 15:23:45 Debugget: http://localhost/ndorsedev/api/getOrganization.json?token=282a1777007784780c6317c0e20108eb&oid=769
2016-08-02 15:23:52 Debugget: http://localhost/ndorsedev/api/getOrganization.json?token=282a1777007784780c6317c0e20108eb&oid=770
2016-08-02 15:41:44 Debugget: http://localhost/ndorsedev/api/getPredefinedValues.json?type=core_values
2016-08-02 15:41:44 Debugget: http://localhost/ndorsedev/api/getPredefinedValues.json?type=departments
2016-08-02 15:41:44 Debugget: http://localhost/ndorsedev/api/getPredefinedValues.json?type=job_titles
2016-08-02 15:54:09 Debugget: http://localhost/ndorsedev/api/getPredefinedValues.json?type=core_values
2016-08-02 15:54:09 Debugget: http://localhost/ndorsedev/api/getPredefinedValues.json?type=departments
2016-08-02 15:54:09 Debugget: http://localhost/ndorsedev/api/getPredefinedValues.json?type=job_titles
2016-08-02 15:57:12 Debugget: http://localhost/ndorsedev/api/getEmojis.json?
2016-08-02 15:58:09 Debugget: http://localhost/ndorsedev/api/getPredefinedValues.json?type=core_values
2016-08-02 15:58:09 Debugget: http://localhost/ndorsedev/api/getPredefinedValues.json?type=departments
2016-08-02 15:58:09 Debugget: http://localhost/ndorsedev/api/getPredefinedValues.json?type=job_titles
2016-08-02 15:58:12 Debugget: http://localhost/ndorsedev/api/getPredefinedValues.json?type=core_values
2016-08-02 15:58:12 Debugget: http://localhost/ndorsedev/api/getPredefinedValues.json?type=departments
2016-08-02 15:58:12 Debugget: http://localhost/ndorsedev/api/getPredefinedValues.json?type=job_titles
2016-08-02 15:58:18 Debugget: http://localhost/ndorsedev/api/getPredefinedValues.json?type=core_values
2016-08-02 15:58:18 Debugget: http://localhost/ndorsedev/api/getPredefinedValues.json?type=departments
2016-08-02 15:58:18 Debugget: http://localhost/ndorsedev/api/getPredefinedValues.json?type=job_titles
2016-08-02 15:58:52 Debugget: http://localhost/ndorsedev/api/getPredefinedValues.json?type=core_values
2016-08-02 15:58:52 Debugget: http://localhost/ndorsedev/api/getPredefinedValues.json?type=departments
2016-08-02 15:58:52 Debugget: http://localhost/ndorsedev/api/getPredefinedValues.json?type=job_titles
2016-08-02 16:00:43 Debugget: http://localhost/ndorsedev/api/getEmojis.json?
2016-08-02 16:01:44 Debugget: http://localhost/ndorsedev/api/getPredefinedValues.json?type=core_values
2016-08-02 16:01:44 Debugget: http://localhost/ndorsedev/api/getPredefinedValues.json?type=departments
2016-08-02 16:01:44 Debugget: http://localhost/ndorsedev/api/getPredefinedValues.json?type=job_titles
2016-08-02 16:01:57 Debugget: http://localhost/ndorsedev/api/getPredefinedValues.json?type=core_values
2016-08-02 16:01:57 Debugget: http://localhost/ndorsedev/api/getPredefinedValues.json?type=departments
2016-08-02 16:01:58 Debugget: http://localhost/ndorsedev/api/getPredefinedValues.json?type=job_titles
2016-08-02 16:02:02 Debugget: http://localhost/ndorsedev/api/getPredefinedValues.json?type=core_values
2016-08-02 16:02:02 Debugget: http://localhost/ndorsedev/api/getPredefinedValues.json?type=departments
2016-08-02 16:02:02 Debugget: http://localhost/ndorsedev/api/getPredefinedValues.json?type=job_titles
2016-08-02 16:02:10 Debugget: http://localhost/ndorsedev/api/getPredefinedValues.json?type=core_values
2016-08-02 16:02:10 Debugget: http://localhost/ndorsedev/api/getPredefinedValues.json?type=departments
2016-08-02 16:02:10 Debugget: http://localhost/ndorsedev/api/getPredefinedValues.json?type=job_titles
2016-08-02 16:02:30 Debugget: http://localhost/ndorsedev/api/getPredefinedValues.json?type=core_values
2016-08-02 16:02:30 Debugget: http://localhost/ndorsedev/api/getPredefinedValues.json?type=departments
2016-08-02 16:02:30 Debugget: http://localhost/ndorsedev/api/getPredefinedValues.json?type=job_titles
2016-08-02 16:02:44 Debugget: http://localhost/ndorsedev/api/getPredefinedValues.json?type=core_values
2016-08-02 16:02:44 Debugget: http://localhost/ndorsedev/api/getPredefinedValues.json?type=departments
2016-08-02 16:02:44 Debugget: http://localhost/ndorsedev/api/getPredefinedValues.json?type=job_titles
2016-08-02 16:03:53 Debugget: http://localhost/ndorsedev/api/getPredefinedValues.json?type=core_values
2016-08-02 16:03:54 Debugget: http://localhost/ndorsedev/api/getPredefinedValues.json?type=departments
2016-08-02 16:03:54 Debugget: http://localhost/ndorsedev/api/getPredefinedValues.json?type=job_titles
2016-08-02 16:04:07 Debugget: http://localhost/ndorsedev/api/getPredefinedValues.json?type=core_values
2016-08-02 16:04:07 Debugget: http://localhost/ndorsedev/api/getPredefinedValues.json?type=departments
2016-08-02 16:04:07 Debugget: http://localhost/ndorsedev/api/getPredefinedValues.json?type=job_titles
2016-08-02 16:04:53 Debugget: http://localhost/ndorsedev/api/getPredefinedValues.json?type=core_values
2016-08-02 16:04:53 Debugget: http://localhost/ndorsedev/api/getPredefinedValues.json?type=departments
2016-08-02 16:04:53 Debugget: http://localhost/ndorsedev/api/getPredefinedValues.json?type=job_titles
2016-08-02 16:05:08 Debugget: http://localhost/ndorsedev/api/getPredefinedValues.json?type=core_values
2016-08-02 16:05:08 Debugget: http://localhost/ndorsedev/api/getPredefinedValues.json?type=departments
2016-08-02 16:05:08 Debugget: http://localhost/ndorsedev/api/getPredefinedValues.json?type=job_titles
2016-08-02 16:05:29 Debugget: http://localhost/ndorsedev/api/getPredefinedValues.json?type=core_values
2016-08-02 16:05:29 Debugget: http://localhost/ndorsedev/api/getPredefinedValues.json?type=departments
2016-08-02 16:05:29 Debugget: http://localhost/ndorsedev/api/getPredefinedValues.json?type=job_titles
2016-08-02 16:06:17 Debugget: http://localhost/ndorsedev/api/getPredefinedValues.json?type=core_values
2016-08-02 16:06:17 Debugget: http://localhost/ndorsedev/api/getPredefinedValues.json?type=departments
2016-08-02 16:06:17 Debugget: http://localhost/ndorsedev/api/getPredefinedValues.json?type=job_titles
2016-08-02 16:10:31 Debugget: http://localhost/ndorsedev/api/getPredefinedValues.json?type=countries
2016-08-02 16:10:57 Debugget: http://localhost/ndorsedev/api/getPredefinedValues.json?type=core_values
2016-08-02 16:10:57 Debugget: http://localhost/ndorsedev/api/getPredefinedValues.json?type=departments
2016-08-02 16:10:57 Debugget: http://localhost/ndorsedev/api/getPredefinedValues.json?type=job_titles
2016-08-02 16:11:23 Debugget: http://localhost/ndorsedev/api/getPredefinedValues.json?type=countries
2016-08-02 16:11:39 Debugget: http://localhost/ndorsedev/api/getPredefinedValues.json?type=countries
2016-08-02 16:11:45 Debugget: http://localhost/ndorsedev/api/getPredefinedValues.json?type=countries
2016-08-02 16:11:53 Debugget: http://localhost/ndorsedev/api/getPredefinedValues.json?type=countries
2016-08-02 16:12:07 Debugget: http://localhost/ndorsedev/api/getPredefinedValues.json?type=countries
2016-08-02 16:12:29 Debugget: http://localhost/ndorsedev/api/getPredefinedValues.json?type=countries
2016-08-02 16:13:45 Debugget: http://localhost/ndorsedev/api/getPredefinedValues.json?type=countries
2016-08-02 16:15:36 Debugget: http://localhost/ndorsedev/api/getPredefinedValues.json?type=countries
2016-08-02 16:17:17 Debugget: http://localhost/ndorsedev/api/getOrganization.json?token=282a1777007784780c6317c0e20108eb&oid=769
2016-08-02 16:19:14 Debugget: http://localhost/ndorsedev/api/getOrganization.json?token=282a1777007784780c6317c0e20108eb&oid=769
2016-08-02 16:20:13 Debugget: http://localhost/ndorsedev/api/getOrganization.json?token=282a1777007784780c6317c0e20108eb&oid=769
2016-08-02 16:20:29 Debugget: http://localhost/ndorsedev/api/getOrganization.json?token=282a1777007784780c6317c0e20108eb&oid=769
2016-08-02 16:20:53 Debugget: http://localhost/ndorsedev/api/getOrganization.json?token=282a1777007784780c6317c0e20108eb&oid=769
2016-08-02 16:43:38 Debugget: http://localhost/ndorsedev/api/getOrganization.json?token=38572ee6980f7519df7990f149d2f134&oid=21
2016-08-02 16:43:44 Debugget: http://localhost/ndorsedev/api/getOrganization.json?token=38572ee6980f7519df7990f149d2f134&oid=21
2016-08-02 16:43:44 Debugget: http://localhost/ndorsedev/api/getOrganization.json?token=38572ee6980f7519df7990f149d2f134&oid=21
2016-08-02 16:43:45 Debugget: http://localhost/ndorsedev/api/getOrganization.json?token=38572ee6980f7519df7990f149d2f134&oid=21
2016-08-02 16:43:45 Debugget: http://localhost/ndorsedev/api/getOrganization.json?token=38572ee6980f7519df7990f149d2f134&oid=21
2016-08-02 16:47:10 Debugget: http://localhost/ndorsedev/api/getOrganization.json?token=38572ee6980f7519df7990f149d2f134&oid=21
2016-08-02 16:47:14 Debugget: http://localhost/ndorsedev/api/getOrganization.json?token=38572ee6980f7519df7990f149d2f134&oid=21
2016-08-02 16:47:29 Debugget: http://localhost/ndorsedev/api/getOrganization.json?token=38572ee6980f7519df7990f149d2f134&oid=21
2016-08-02 16:47:40 Debugget: http://localhost/ndorsedev/api/getOrganization.json?token=38572ee6980f7519df7990f149d2f134&oid=21
2016-08-02 16:48:38 Debugget: http://localhost/ndorsedev/api/getOrganization.json?token=38572ee6980f7519df7990f149d2f134&oid=21
2016-08-02 16:48:53 Debugget: http://localhost/ndorsedev/api/getOrganization.json?token=38572ee6980f7519df7990f149d2f134&oid=21
2016-08-02 16:49:16 Debugget: http://localhost/ndorsedev/api/getOrganization.json?token=38572ee6980f7519df7990f149d2f134&oid=21
2016-08-02 16:49:25 Debugget: http://localhost/ndorsedev/api/getOrganization.json?token=38572ee6980f7519df7990f149d2f134&oid=21
2016-08-02 16:50:52 Debugget: http://localhost/ndorsedev/api/getOrganization.json?token=38572ee6980f7519df7990f149d2f134&oid=21
2016-08-02 16:51:44 Debugget: http://localhost/ndorsedev/api/getOrganization.json?token=38572ee6980f7519df7990f149d2f134&oid=21
2016-08-02 16:51:53 Debugget: http://localhost/ndorsedev/api/getOrganization.json?token=38572ee6980f7519df7990f149d2f134&oid=21
2016-08-02 16:52:03 Debugget: http://localhost/ndorsedev/api/getOrganization.json?token=38572ee6980f7519df7990f149d2f134&oid=21
2016-08-02 16:52:12 Debugget: http://localhost/ndorsedev/api/getOrganization.json?token=38572ee6980f7519df7990f149d2f134&oid=21
2016-08-02 16:52:21 Debugget: http://localhost/ndorsedev/api/getOrganization.json?token=38572ee6980f7519df7990f149d2f134&oid=21
2016-08-02 16:52:28 Debugget: http://localhost/ndorsedev/api/getOrganization.json?token=38572ee6980f7519df7990f149d2f134&oid=21
2016-08-02 16:52:59 Debugget: http://localhost/ndorsedev/api/getOrganization.json?token=38572ee6980f7519df7990f149d2f134&oid=21
2016-08-02 16:53:02 Debugget: http://localhost/ndorsedev/api/getOrganization.json?token=38572ee6980f7519df7990f149d2f134&oid=21
2016-08-02 16:53:10 Debugget: http://localhost/ndorsedev/api/getOrganization.json?token=38572ee6980f7519df7990f149d2f134&oid=21
2016-08-02 16:53:16 Debugget: http://localhost/ndorsedev/api/getOrganization.json?token=38572ee6980f7519df7990f149d2f134&oid=21
2016-08-02 17:18:23 Debugget: http://localhost/ndorsedev/api/getOrganization.json?token=38572ee6980f7519df7990f149d2f134&oid=21
2016-08-02 17:52:22 Debugget: http://localhost/ndorsedev/api/getOrganization.json?token=23813b5af4cb5c50cfa824b59b66fda5&oid=4
2016-08-02 18:00:10 Debugget: http://localhost/ndorsedev/api/getOrganization.json?token=23813b5af4cb5c50cfa824b59b66fda5&oid=1
2016-08-02 18:00:42 Debugget: http://localhost/ndorsedev/api/getOrganization.json?token=23813b5af4cb5c50cfa824b59b66fda5&oid=23
2016-08-02 18:00:44 Debugget: http://localhost/ndorsedev/api/getOrganization.json?token=23813b5af4cb5c50cfa824b59b66fda5&oid=23
2016-08-02 18:00:47 Debugget: http://localhost/ndorsedev/api/getOrganization.json?token=23813b5af4cb5c50cfa824b59b66fda5&oid=23
2016-08-02 18:00:48 Debugget: http://localhost/ndorsedev/api/getOrganization.json?token=23813b5af4cb5c50cfa824b59b66fda5&oid=23
2016-08-02 18:00:50 Debugget: http://localhost/ndorsedev/api/getOrganization.json?token=23813b5af4cb5c50cfa824b59b66fda5&oid=23
2016-08-02 18:00:51 Debugget: http://localhost/ndorsedev/api/getOrganization.json?token=23813b5af4cb5c50cfa824b59b66fda5&oid=23
2016-08-02 18:00:52 Debugget: http://localhost/ndorsedev/api/getOrganization.json?token=23813b5af4cb5c50cfa824b59b66fda5&oid=23
2016-08-02 18:00:53 Debugget: http://localhost/ndorsedev/api/getOrganization.json?token=23813b5af4cb5c50cfa824b59b66fda5&oid=23
2016-08-02 18:00:58 Debugget: http://localhost/ndorsedev/api/getPredefinedValues.json?type=core_values
2016-08-02 18:00:58 Debugget: http://localhost/ndorsedev/api/getPredefinedValues.json?type=departments
2016-08-02 18:00:58 Debugget: http://localhost/ndorsedev/api/getPredefinedValues.json?type=job_titles
2016-08-02 18:02:09 Debugget: http://localhost/ndorsedev/api/termsConditions.json?is_web=1
2016-08-02 18:02:24 Debugget: http://localhost/ndorsedev/api/faq.json?is_web=1
2016-08-02 18:02:35 Debugget: http://localhost/ndorsedev/api/faq.json?
2016-08-02 18:48:59 Debugget: http://localhost/ndorsedev/api/getOrganization.json?token=3ac541bb204ab119cb6d0d6816a339c5&oid=769
2016-08-02 18:49:37 Debugget: http://localhost/ndorsedev/api/getOrganization.json?token=d2daa0a381be105217cc9466c35f403c&oid=769
2016-08-02 18:57:28 Debugget: http://localhost/ndorsedev/api/getOrganization.json?token=d2daa0a381be105217cc9466c35f403c&oid=769
2016-08-02 18:58:50 Debugget: http://localhost/ndorsedev/api/getOrganization.json?token=d2daa0a381be105217cc9466c35f403c&oid=769
2016-08-02 18:59:02 Debugget: http://localhost/ndorsedev/api/getOrganization.json?token=d2daa0a381be105217cc9466c35f403c&oid=769
2016-08-02 18:59:29 Debugget: http://localhost/ndorsedev/api/getOrganization.json?token=d2daa0a381be105217cc9466c35f403c&oid=769
2016-08-02 18:59:34 Debugget: http://localhost/ndorsedev/api/getOrganization.json?token=d2daa0a381be105217cc9466c35f403c&oid=769
2016-08-02 18:59:45 Debugget: http://localhost/ndorsedev/api/getOrganization.json?token=d2daa0a381be105217cc9466c35f403c&oid=769
2016-08-02 19:00:04 Debugget: http://localhost/ndorsedev/api/getOrganization.json?token=d2daa0a381be105217cc9466c35f403c&oid=769
2016-08-02 19:02:21 Debugget: http://localhost/ndorsedev/api/getOrganization.json?token=d2daa0a381be105217cc9466c35f403c&oid=769
2016-08-02 19:04:24 Debugget: http://localhost/ndorsedev/api/getOrganization.json?token=d2daa0a381be105217cc9466c35f403c&oid=769
2016-08-02 19:06:35 Debugget: http://localhost/ndorsedev/api/getOrganization.json?token=d2daa0a381be105217cc9466c35f403c&oid=769
2016-08-02 19:06:54 Debugget: http://localhost/ndorsedev/api/getOrganization.json?token=d2daa0a381be105217cc9466c35f403c&oid=769
2016-08-02 19:07:07 Debugget: http://localhost/ndorsedev/api/getOrganization.json?token=d2daa0a381be105217cc9466c35f403c&oid=769
2016-08-02 19:07:14 Debugget: http://localhost/ndorsedev/api/getOrganization.json?token=d2daa0a381be105217cc9466c35f403c&oid=769
2016-08-02 19:07:18 Debugget: http://localhost/ndorsedev/api/getOrganization.json?token=d2daa0a381be105217cc9466c35f403c&oid=769
2016-08-02 19:07:33 Debugget: http://localhost/ndorsedev/api/getOrganization.json?token=d2daa0a381be105217cc9466c35f403c&oid=769
2016-08-02 19:08:27 Debugget: http://localhost/ndorsedev/api/getOrganization.json?token=d2daa0a381be105217cc9466c35f403c&oid=769
2016-08-02 19:23:58 Debugget: http://localhost/ndorsedev/api/getEmojis.json?
2016-08-02 19:24:21 Debugget: http://localhost/ndorsedev/api/getEmojis.json?
2016-08-02 19:24:38 Debugget: http://localhost/ndorsedev/api/getEmojis.json?
2016-08-02 19:25:46 Debugget: http://localhost/ndorsedev/api/getEmojis.json?
2016-08-03 12:21:44 Debugget: http://localhost/ndorsedev/api/getOrganization.json?token=1a90ef5946aa0fc5852eb8aeeb21c60c&oid=769
2016-08-03 12:21:51 Debugget: http://localhost/ndorsedev/api/getOrganization.json?token=1a90ef5946aa0fc5852eb8aeeb21c60c&oid=769
2016-08-03 12:36:56 Debugget: http://localhost/ndorsedev/api/getOrganization.json?token=1a90ef5946aa0fc5852eb8aeeb21c60c&oid=769
2016-08-03 12:37:16 Debugget: http://localhost/ndorsedev/api/getOrganization.json?token=1a90ef5946aa0fc5852eb8aeeb21c60c&oid=769
2016-08-03 12:37:29 Debugget: http://localhost/ndorsedev/api/getOrganization.json?token=1a90ef5946aa0fc5852eb8aeeb21c60c&oid=769
2016-08-03 12:37:40 Debugget: http://localhost/ndorsedev/api/getOrganization.json?token=1a90ef5946aa0fc5852eb8aeeb21c60c&oid=769
2016-08-03 12:57:55 Debugget: http://localhost/ndorsedev/api/getOrganization.json?token=f53118ec12fae2d2b5580b757a600e54&oid=769
2016-08-03 14:07:38 Debugget: http://localhost/ndorsedev/api/getOrganization.json?token=8f384ec8184a50b93ec7673511123791&oid=769
2016-08-03 14:08:02 Debugget: http://localhost/ndorsedev/api/getOrganization.json?token=8f384ec8184a50b93ec7673511123791&oid=769
2016-08-03 14:09:33 Debugget: http://localhost/ndorsedev/api/getOrganization.json?token=8f384ec8184a50b93ec7673511123791&oid=769
2016-08-03 14:11:22 Debugget: http://localhost/ndorsedev/api/getOrganization.json?token=8f384ec8184a50b93ec7673511123791&oid=769
2016-08-03 14:12:12 Debugget: http://localhost/ndorsedev/api/getOrganization.json?token=8f384ec8184a50b93ec7673511123791&oid=769
2016-08-03 14:14:20 Debugget: http://localhost/ndorsedev/api/getOrganization.json?token=8f384ec8184a50b93ec7673511123791&oid=769
2016-08-03 14:14:25 Debugget: http://localhost/ndorsedev/api/getOrganization.json?token=8f384ec8184a50b93ec7673511123791&oid=769
2016-08-03 14:14:45 Debugget: http://localhost/ndorsedev/api/getOrganization.json?token=8f384ec8184a50b93ec7673511123791&oid=769
2016-08-03 14:16:26 Debugget: http://localhost/ndorsedev/api/getOrganization.json?token=8f384ec8184a50b93ec7673511123791&oid=769
2016-08-03 14:16:38 Debugget: http://localhost/ndorsedev/api/getOrganization.json?token=8f384ec8184a50b93ec7673511123791&oid=769
2016-08-03 14:16:47 Debugget: http://localhost/ndorsedev/api/getOrganization.json?token=8f384ec8184a50b93ec7673511123791&oid=769
2016-08-03 14:17:13 Debugget: http://localhost/ndorsedev/api/getOrganization.json?token=8f384ec8184a50b93ec7673511123791&oid=769
2016-08-03 14:19:50 Debugget: http://localhost/ndorsedev/api/getOrganization.json?token=8f384ec8184a50b93ec7673511123791&oid=769
2016-08-03 14:20:01 Debugget: http://localhost/ndorsedev/api/getOrganization.json?token=8f384ec8184a50b93ec7673511123791&oid=769
2016-08-03 14:20:28 Debugget: http://localhost/ndorsedev/api/getOrganization.json?token=8f384ec8184a50b93ec7673511123791&oid=769
2016-08-03 14:20:40 Debugget: http://localhost/ndorsedev/api/getOrganization.json?token=8f384ec8184a50b93ec7673511123791&oid=769
2016-08-03 14:22:17 Debugget: http://localhost/ndorsedev/api/getOrganization.json?token=8f384ec8184a50b93ec7673511123791&oid=769
2016-08-03 14:38:12 Debugget: http://localhost/ndorsedev/api/getPredefinedValues.json?type=core_values
2016-08-03 14:38:12 Debugget: http://localhost/ndorsedev/api/getPredefinedValues.json?type=departments
2016-08-03 14:38:12 Debugget: http://localhost/ndorsedev/api/getPredefinedValues.json?type=job_titles
2016-08-03 14:59:38 Debugget: http://localhost/ndorsedev/api/getEmojis.json?
2016-08-03 14:59:53 Debugget: http://localhost/ndorsedev/api/getEmojis.json?
2016-08-03 15:01:19 Debugget: http://localhost/ndorsedev/api/getOrganization.json?token=e35ee539bb6f5720368b84f54295657d&oid=769
2016-08-03 16:22:21 Debugget: http://localhost/ndorsedev/api/getOrganization.json?token=8b77b5108e07bb71b6bfefbd21c26561&oid=335
2016-08-03 17:02:40 Debugget: http://localhost/ndorsedev/api/getPredefinedValues.json?type=countries
2016-08-03 17:02:51 Debugget: http://localhost/ndorsedev/api/getPredefinedValues.json?type=countries
2016-08-03 17:12:22 Debugget: http://localhost/ndorsedev/api/getOrganization.json?token=f70e954a4206666860575f0245059bc1&oid=769
2016-08-03 17:17:50 Debugget: http://localhost/ndorsedev/api/getOrganization.json?token=f70e954a4206666860575f0245059bc1&oid=335
2016-08-03 17:24:06 Debugget: http://localhost/ndorsedev/api/getOrganization.json?token=f70e954a4206666860575f0245059bc1&oid=335
2016-08-03 17:31:26 Debugget: http://localhost/ndorsedev/api/getOrganization.json?token=f70e954a4206666860575f0245059bc1&oid=335
2016-08-03 17:32:39 Debugget: http://localhost/ndorsedev/api/getOrganization.json?token=f70e954a4206666860575f0245059bc1&oid=335
2016-08-03 17:36:31 Debugget: http://localhost/ndorsedev/api/getOrganization.json?token=f70e954a4206666860575f0245059bc1&oid=335
2016-08-03 17:38:14 Debugget: http://localhost/ndorsedev/api/getOrganization.json?token=f70e954a4206666860575f0245059bc1&oid=335
2016-08-03 17:43:59 Debugget: http://localhost/ndorsedev/api/getOrganization.json?token=f70e954a4206666860575f0245059bc1&oid=335
2016-08-03 17:44:13 Debugget: http://localhost/ndorsedev/api/getOrganization.json?token=f70e954a4206666860575f0245059bc1&oid=335
2016-08-03 17:44:36 Debugget: http://localhost/ndorsedev/api/getOrganization.json?token=f70e954a4206666860575f0245059bc1&oid=335
2016-08-03 17:44:46 Debugget: http://localhost/ndorsedev/api/getOrganization.json?token=f70e954a4206666860575f0245059bc1&oid=335
2016-08-03 17:45:09 Debugget: http://localhost/ndorsedev/api/getOrganization.json?token=f70e954a4206666860575f0245059bc1&oid=335
2016-08-03 17:46:23 Debugget: http://localhost/ndorsedev/api/getOrganization.json?token=f70e954a4206666860575f0245059bc1&oid=335
2016-08-03 17:47:07 Debugget: http://localhost/ndorsedev/api/getOrganization.json?token=f70e954a4206666860575f0245059bc1&oid=335
2016-08-03 17:47:16 Debugget: http://localhost/ndorsedev/api/getOrganization.json?token=f70e954a4206666860575f0245059bc1&oid=335
2016-08-03 17:48:13 Debugget: http://localhost/ndorsedev/api/getOrganization.json?token=f70e954a4206666860575f0245059bc1&oid=335
2016-08-03 17:49:31 Debugget: http://localhost/ndorsedev/api/getOrganization.json?token=f70e954a4206666860575f0245059bc1&oid=335
2016-08-03 17:49:52 Debugget: http://localhost/ndorsedev/api/getOrganization.json?token=f70e954a4206666860575f0245059bc1&oid=335
2016-08-03 17:51:07 Debugget: http://localhost/ndorsedev/api/getOrganization.json?token=f70e954a4206666860575f0245059bc1&oid=335
2016-08-03 17:53:36 Debugget: http://localhost/ndorsedev/api/getOrganization.json?token=f70e954a4206666860575f0245059bc1&oid=335
2016-08-03 17:53:48 Debugget: http://localhost/ndorsedev/api/getOrganization.json?token=f70e954a4206666860575f0245059bc1&oid=335
2016-08-03 17:54:37 Debugget: http://localhost/ndorsedev/api/getOrganization.json?token=f70e954a4206666860575f0245059bc1&oid=335
2016-08-03 17:56:11 Debugget: http://localhost/ndorsedev/api/getOrganization.json?token=f70e954a4206666860575f0245059bc1&oid=335
2016-08-03 18:56:23 Debugget: http://localhost/ndorsedev/api/getPredefinedValues.json?type=countries
2016-08-03 18:56:35 Debugget: http://localhost/ndorsedev/api/getPredefinedValues.json?type=countries
2016-08-03 19:04:07 Debugget: http://localhost/ndorsedev/api/getOrganization.json?token=4513ac38c08fd4200117938b728f997c&oid=769
2016-08-03 19:12:18 Debugget: http://localhost/ndorsedev/api/getPredefinedValues.json?type=countries
2016-08-03 19:12:29 Debugget: http://localhost/ndorsedev/api/getPredefinedValues.json?type=countries
2016-08-03 19:15:26 Debugget: http://localhost/ndorsedev/api/getPredefinedValues.json?type=countries
2016-08-03 19:15:32 Debugget: http://localhost/ndorsedev/api/getPredefinedValues.json?type=countries
2016-08-03 19:17:20 Debugget: http://localhost/ndorsedev/api/getPredefinedValues.json?type=countries
2016-08-03 19:17:30 Debugget: http://localhost/ndorsedev/api/getPredefinedValues.json?type=countries
2016-08-03 19:19:25 Debugget: http://localhost/ndorsedev/api/getPredefinedValues.json?type=countries
2016-08-03 19:19:49 Debugget: http://localhost/ndorsedev/api/getPredefinedValues.json?type=countries
2016-08-03 19:20:19 Debugget: http://localhost/ndorsedev/api/getOrganization.json?token=54a0e2d6798f9280f335e3c390ae64d2&oid=782
2016-08-03 19:24:00 Debugget: http://localhost/ndorsedev/api/getOrganization.json?token=54a0e2d6798f9280f335e3c390ae64d2&oid=782
2016-08-03 19:34:43 Debugget: http://localhost/ndorsedev/api/getOrganization.json?token=ec7a63c063a43ad3290bbd4c7a04e848&oid=782
2016-08-03 20:00:00 Debugget: http://localhost/ndorsedev/api/getOrganization.json?token=481099b4d77f8ba33bd5fc05c15f0ae8&oid=782
2016-08-04 10:21:57 Debugget: http://localhost/ndorsedev/api/getPredefinedValues.json?type=countries
2016-08-04 10:23:51 Debugget: http://localhost/ndorsedev/api/getPredefinedValues.json?type=countries
2016-08-04 10:23:58 Debugget: http://localhost/ndorsedev/api/getPredefinedValues.json?type=countries
2016-08-04 11:28:06 Debugget: http://localhost/ndorsedev/api/getOrganization.json?token=32cdf3b844bb8a3813e2de7c445249df&oid=6
2016-08-04 11:33:48 Debugget: http://localhost/ndorsedev/api/getPredefinedValues.json?type=core_values
2016-08-04 11:33:48 Debugget: http://localhost/ndorsedev/api/getPredefinedValues.json?type=departments
2016-08-04 11:33:48 Debugget: http://localhost/ndorsedev/api/getPredefinedValues.json?type=job_titles
2016-08-04 11:34:02 Debugget: http://localhost/ndorsedev/api/getPredefinedValues.json?type=core_values
2016-08-04 11:34:02 Debugget: http://localhost/ndorsedev/api/getPredefinedValues.json?type=departments
2016-08-04 11:34:02 Debugget: http://localhost/ndorsedev/api/getPredefinedValues.json?type=job_titles
2016-08-04 12:01:36 Debugget: http://localhost/ndorsedev/api/getPredefinedValues.json?type=countries
2016-08-04 12:01:43 Debugget: http://localhost/ndorsedev/api/getPredefinedValues.json?type=countries
